<?xml version="1.0" encoding="UTF-8"?>
<testng-results ignored="0" total="1" passed="1" failed="0" skipped="0">
  <reporter-output>
  </reporter-output>
  <suite started-at="2023-04-03T08:58:21Z" name="Testing_Suite" finished-at="2023-04-03T08:58:43Z" duration-ms="22235">
    <groups>
      <group name="cucumber">
        <method signature="AbstractTestNGCucumberTests.feature(cucumber.api.testng.CucumberFeatureWrapper)[pri:0, instance:fortrainingapp.runners.Runner@46fa7c39]" name="feature" class="cucumber.api.testng.AbstractTestNGCucumberTests"/>
      </group> <!-- cucumber -->
    </groups>
    <test started-at="2023-04-03T08:58:21Z" name="RegressionTest" finished-at="2023-04-03T08:58:43Z" duration-ms="22235">
      <class name="fortrainingapp.runners.Runner">
        <test-method is-config="true" signature="setUpClass()[pri:0, instance:fortrainingapp.runners.Runner@46fa7c39]" started-at="2023-04-03T14:28:21Z" name="setUpClass" finished-at="2023-04-03T14:28:22Z" duration-ms="472" status="PASS">
          <reporter-output>
          </reporter-output>
        </test-method> <!-- setUpClass -->
        <test-method signature="feature(cucumber.api.testng.CucumberFeatureWrapper)[pri:0, instance:fortrainingapp.runners.Runner@46fa7c39]" started-at="2023-04-03T14:28:22Z" name="feature" description="Runs Cucumber Feature" data-provider="features" finished-at="2023-04-03T14:28:43Z" duration-ms="21024" status="PASS">
          <params>
            <param index="0">
              <value>
                <![CDATA[Login feature file]]>
              </value>
            </param>
          </params>
          <reporter-output>
          </reporter-output>
        </test-method> <!-- feature -->
        <test-method is-config="true" signature="setup()[pri:0, instance:fortrainingapp.runners.Runner@46fa7c39]" started-at="2023-04-03T14:28:43Z" name="setup" finished-at="2023-04-03T14:28:43Z" duration-ms="54" status="PASS">
          <reporter-output>
          </reporter-output>
        </test-method> <!-- setup -->
        <test-method is-config="true" signature="tearDownClass()[pri:0, instance:fortrainingapp.runners.Runner@46fa7c39]" started-at="2023-04-03T14:28:43Z" name="tearDownClass" finished-at="2023-04-03T14:28:43Z" duration-ms="508" status="PASS">
          <reporter-output>
          </reporter-output>
        </test-method> <!-- tearDownClass -->
      </class> <!-- fortrainingapp.runners.Runner -->
    </test> <!-- RegressionTest -->
  </suite> <!-- Testing_Suite -->
</testng-results>
